<?xml version="1.0" encoding="UTF-8"?>
<testng-results ignored="0" total="8" passed="7" failed="1" skipped="0">
  <reporter-output>
  </reporter-output>
  <suite started-at="2025-02-16T15:20:40 IST" name="Suite" finished-at="2025-02-16T15:21:57 IST" duration-ms="77141">
    <groups>
    </groups>
    <test started-at="2025-02-16T15:20:40 IST" name="Test" finished-at="2025-02-16T15:21:57 IST" duration-ms="77141">
      <class name="tests.LoginF">
        <test-method is-config="true" signature="setUp()[pri:0, instance:tests.LoginF@3b69e7d1]" started-at="2025-02-16T15:21:05 IST" name="setUp" finished-at="2025-02-16T15:21:12 IST" duration-ms="6698" status="PASS">
          <reporter-output>
          </reporter-output>
        </test-method> <!-- setUp -->
        <test-method signature="verifyLoggingintotheApplicationusingValidcredentials()[pri:1, instance:tests.LoginF@3b69e7d1]" started-at="2025-02-16T15:21:12 IST" name="verifyLoggingintotheApplicationusingValidcredentials" finished-at="2025-02-16T15:21:13 IST" duration-ms="1482" status="PASS">
          <reporter-output>
          </reporter-output>
        </test-method> <!-- verifyLoggingintotheApplicationusingValidcredentials -->
        <test-method is-config="true" signature="tearDown()[pri:0, instance:tests.LoginF@3b69e7d1]" started-at="2025-02-16T15:21:13 IST" name="tearDown" finished-at="2025-02-16T15:21:13 IST" duration-ms="316" status="PASS">
          <reporter-output>
          </reporter-output>
        </test-method> <!-- tearDown -->
        <test-method is-config="true" signature="setUp()[pri:0, instance:tests.LoginF@3b69e7d1]" started-at="2025-02-16T15:21:15 IST" name="setUp" finished-at="2025-02-16T15:21:21 IST" duration-ms="6323" status="PASS">
          <reporter-output>
          </reporter-output>
        </test-method> <!-- setUp -->
        <test-method signature="verifyLoggingintotheApplicationusingDifferentValidcredentials(java.util.HashMap)[pri:2, instance:tests.LoginF@3b69e7d1]" started-at="2025-02-16T15:21:21 IST" name="verifyLoggingintotheApplicationusingDifferentValidcredentials" data-provider="validCredentialsSupplier" finished-at="2025-02-16T15:21:23 IST" duration-ms="1820" status="PASS">
          <params>
            <param index="0">
              <value>
                <![CDATA[{Email=sandeshmarathe1401@gmail.com, Password=manual@5}]]>
              </value>
            </param>
          </params>
          <reporter-output>
          </reporter-output>
        </test-method> <!-- verifyLoggingintotheApplicationusingDifferentValidcredentials -->
        <test-method is-config="true" signature="tearDown()[pri:0, instance:tests.LoginF@3b69e7d1]" started-at="2025-02-16T15:21:23 IST" name="tearDown" finished-at="2025-02-16T15:21:24 IST" duration-ms="307" status="PASS">
          <reporter-output>
          </reporter-output>
        </test-method> <!-- tearDown -->
        <test-method is-config="true" signature="setUp()[pri:0, instance:tests.LoginF@3b69e7d1]" started-at="2025-02-16T15:21:24 IST" name="setUp" finished-at="2025-02-16T15:21:28 IST" duration-ms="4820" status="PASS">
          <reporter-output>
          </reporter-output>
        </test-method> <!-- setUp -->
        <test-method signature="verifyLoggingintotheApplicationusingDifferentValidcredentials(java.util.HashMap)[pri:2, instance:tests.LoginF@3b69e7d1]" started-at="2025-02-16T15:21:28 IST" name="verifyLoggingintotheApplicationusingDifferentValidcredentials" data-provider="validCredentialsSupplier" finished-at="2025-02-16T15:21:30 IST" duration-ms="1469" status="PASS">
          <params>
            <param index="0">
              <value>
                <![CDATA[{Email=sandeshmarathe11@gmail.com, Password=abcde}]]>
              </value>
            </param>
          </params>
          <reporter-output>
          </reporter-output>
        </test-method> <!-- verifyLoggingintotheApplicationusingDifferentValidcredentials -->
        <test-method is-config="true" signature="tearDown()[pri:0, instance:tests.LoginF@3b69e7d1]" started-at="2025-02-16T15:21:30 IST" name="tearDown" finished-at="2025-02-16T15:21:30 IST" duration-ms="293" status="PASS">
          <reporter-output>
          </reporter-output>
        </test-method> <!-- tearDown -->
        <test-method is-config="true" signature="setUp()[pri:0, instance:tests.LoginF@3b69e7d1]" started-at="2025-02-16T15:21:30 IST" name="setUp" finished-at="2025-02-16T15:21:36 IST" duration-ms="5589" status="PASS">
          <reporter-output>
          </reporter-output>
        </test-method> <!-- setUp -->
        <test-method signature="verifyLoggingintotheApplicationusingDifferentValidcredentials(java.util.HashMap)[pri:2, instance:tests.LoginF@3b69e7d1]" started-at="2025-02-16T15:21:36 IST" name="verifyLoggingintotheApplicationusingDifferentValidcredentials" data-provider="validCredentialsSupplier" finished-at="2025-02-16T15:21:38 IST" duration-ms="2128" status="PASS">
          <params>
            <param index="0">
              <value>
                <![CDATA[{Email=sandeshmarathe11@gmail.com, Password=abcde}]]>
              </value>
            </param>
          </params>
          <reporter-output>
          </reporter-output>
        </test-method> <!-- verifyLoggingintotheApplicationusingDifferentValidcredentials -->
        <test-method is-config="true" signature="tearDown()[pri:0, instance:tests.LoginF@3b69e7d1]" started-at="2025-02-16T15:21:38 IST" name="tearDown" finished-at="2025-02-16T15:21:38 IST" duration-ms="384" status="PASS">
          <reporter-output>
          </reporter-output>
        </test-method> <!-- tearDown -->
        <test-method is-config="true" signature="setUp()[pri:0, instance:tests.LoginF@3b69e7d1]" started-at="2025-02-16T15:21:38 IST" name="setUp" finished-at="2025-02-16T15:21:43 IST" duration-ms="4845" status="PASS">
          <reporter-output>
          </reporter-output>
        </test-method> <!-- setUp -->
        <test-method signature="verifyLoggingintotheApplicationusingDifferentValidcredentials(java.util.HashMap)[pri:2, instance:tests.LoginF@3b69e7d1]" started-at="2025-02-16T15:21:43 IST" name="verifyLoggingintotheApplicationusingDifferentValidcredentials" data-provider="validCredentialsSupplier" finished-at="2025-02-16T15:21:45 IST" duration-ms="1470" status="PASS">
          <params>
            <param index="0">
              <value>
                <![CDATA[{Email=sandeshmarathe11@gmail.com, Password=abcde}]]>
              </value>
            </param>
          </params>
          <reporter-output>
          </reporter-output>
        </test-method> <!-- verifyLoggingintotheApplicationusingDifferentValidcredentials -->
        <test-method is-config="true" signature="tearDown()[pri:0, instance:tests.LoginF@3b69e7d1]" started-at="2025-02-16T15:21:45 IST" name="tearDown" finished-at="2025-02-16T15:21:45 IST" duration-ms="319" status="PASS">
          <reporter-output>
          </reporter-output>
        </test-method> <!-- tearDown -->
        <test-method is-config="true" signature="setUp()[pri:0, instance:tests.LoginF@3b69e7d1]" started-at="2025-02-16T15:21:45 IST" name="setUp" finished-at="2025-02-16T15:21:50 IST" duration-ms="5088" status="PASS">
          <reporter-output>
          </reporter-output>
        </test-method> <!-- setUp -->
        <test-method signature="verifyLoggingintotheApplicationusingDifferentValidcredentials(java.util.HashMap)[pri:2, instance:tests.LoginF@3b69e7d1]" started-at="2025-02-16T15:21:50 IST" name="verifyLoggingintotheApplicationusingDifferentValidcredentials" data-provider="validCredentialsSupplier" finished-at="2025-02-16T15:21:56 IST" duration-ms="6334" status="FAIL">
          <params>
            <param index="0">
              <value>
                <![CDATA[{Email=sandeshmarathe11@gmail.com, Password=abcd}]]>
              </value>
            </param>
          </params>
          <exception class="org.openqa.selenium.NoSuchElementException">
            <message>
              <![CDATA[no such element: Unable to locate element: {"method":"xpath","selector":"//a[@class='list-group-item'][text()='Logout']"}
  (Session info: chrome=132.0.6834.197)
For documentation on this error, please visit: https://www.selenium.dev/documentation/webdriver/troubleshooting/errors#no-such-element-exception
Build info: version: '4.25.0', revision: '8a8aea2337'
System info: os.name: 'Windows 11', os.arch: 'amd64', os.version: '10.0', java.version: '21.0.3'
Driver info: org.openqa.selenium.chrome.ChromeDriver
Command: [76b90fab2ae243969aa8080373d7868e, findElement {using=xpath, value=//a[@class='list-group-item'][text()='Logout']}]
Capabilities {acceptInsecureCerts: false, browserName: chrome, browserVersion: 132.0.6834.197, chrome: {chromedriverVersion: 132.0.6834.159 (2d77d3fc445..., userDataDir: C:\Users\Sandesh Marathe\Ap...}, fedcm:accounts: true, goog:chromeOptions: {debuggerAddress: localhost:51988}, networkConnectionEnabled: false, pageLoadStrategy: normal, platformName: windows, proxy: Proxy(), se:cdp: ws://localhost:51988/devtoo..., se:cdpVersion: 132.0.6834.197, setWindowRect: true, strictFileInteractability: false, timeouts: {implicit: 0, pageLoad: 300000, script: 30000}, unhandledPromptBehavior: dismiss and notify, webauthn:extension:credBlob: true, webauthn:extension:largeBlob: true, webauthn:extension:minPinLength: true, webauthn:extension:prf: true, webauthn:virtualAuthenticators: true}
Session ID: 76b90fab2ae243969aa8080373d7868e]]>
            </message>
            <full-stacktrace>
              <![CDATA[org.openqa.selenium.NoSuchElementException: no such element: Unable to locate element: {"method":"xpath","selector":"//a[@class='list-group-item'][text()='Logout']"}
  (Session info: chrome=132.0.6834.197)
For documentation on this error, please visit: https://www.selenium.dev/documentation/webdriver/troubleshooting/errors#no-such-element-exception
Build info: version: '4.25.0', revision: '8a8aea2337'
System info: os.name: 'Windows 11', os.arch: 'amd64', os.version: '10.0', java.version: '21.0.3'
Driver info: org.openqa.selenium.chrome.ChromeDriver
Command: [76b90fab2ae243969aa8080373d7868e, findElement {using=xpath, value=//a[@class='list-group-item'][text()='Logout']}]
Capabilities {acceptInsecureCerts: false, browserName: chrome, browserVersion: 132.0.6834.197, chrome: {chromedriverVersion: 132.0.6834.159 (2d77d3fc445..., userDataDir: C:\Users\Sandesh Marathe\Ap...}, fedcm:accounts: true, goog:chromeOptions: {debuggerAddress: localhost:51988}, networkConnectionEnabled: false, pageLoadStrategy: normal, platformName: windows, proxy: Proxy(), se:cdp: ws://localhost:51988/devtoo..., se:cdpVersion: 132.0.6834.197, setWindowRect: true, strictFileInteractability: false, timeouts: {implicit: 0, pageLoad: 300000, script: 30000}, unhandledPromptBehavior: dismiss and notify, webauthn:extension:credBlob: true, webauthn:extension:largeBlob: true, webauthn:extension:minPinLength: true, webauthn:extension:prf: true, webauthn:virtualAuthenticators: true}
Session ID: 76b90fab2ae243969aa8080373d7868e
at java.base/jdk.internal.reflect.DirectConstructorHandleAccessor.newInstance(DirectConstructorHandleAccessor.java:62)
at java.base/java.lang.reflect.Constructor.newInstanceWithCaller(Constructor.java:502)
at java.base/java.lang.reflect.Constructor.newInstance(Constructor.java:486)
at org.openqa.selenium.remote.ErrorCodec.decode(ErrorCodec.java:167)
at org.openqa.selenium.remote.codec.w3c.W3CHttpResponseCodec.decode(W3CHttpResponseCodec.java:138)
at org.openqa.selenium.remote.codec.w3c.W3CHttpResponseCodec.decode(W3CHttpResponseCodec.java:50)
at org.openqa.selenium.remote.HttpCommandExecutor.execute(HttpCommandExecutor.java:190)
at org.openqa.selenium.remote.service.DriverCommandExecutor.invokeExecute(DriverCommandExecutor.java:216)
at org.openqa.selenium.remote.service.DriverCommandExecutor.execute(DriverCommandExecutor.java:174)
at org.openqa.selenium.remote.RemoteWebDriver.execute(RemoteWebDriver.java:545)
at org.openqa.selenium.remote.ElementLocation$ElementFinder$2.findElement(ElementLocation.java:165)
at org.openqa.selenium.remote.ElementLocation.findElement(ElementLocation.java:59)
at org.openqa.selenium.remote.RemoteWebDriver.findElement(RemoteWebDriver.java:368)
at org.openqa.selenium.remote.RemoteWebDriver.findElement(RemoteWebDriver.java:362)
at org.openqa.selenium.support.pagefactory.DefaultElementLocator.findElement(DefaultElementLocator.java:68)
at org.openqa.selenium.support.pagefactory.internal.LocatingElementHandler.invoke(LocatingElementHandler.java:38)
at jdk.proxy2/jdk.proxy2.$Proxy15.isDisplayed(Unknown Source)
at pages.MyRightColumnOptionPage.isUserLogIn(MyRightColumnOptionPage.java:21)
at tests.LoginF.verifyLoggingintotheApplicationusingDifferentValidcredentials(LoginF.java:67)
at java.base/jdk.internal.reflect.DirectMethodHandleAccessor.invoke(DirectMethodHandleAccessor.java:103)
at java.base/java.lang.reflect.Method.invoke(Method.java:580)
at org.testng.internal.invokers.MethodInvocationHelper.invokeMethod(MethodInvocationHelper.java:141)
at org.testng.internal.invokers.TestInvoker.invokeMethod(TestInvoker.java:686)
at org.testng.internal.invokers.TestInvoker.invokeTestMethod(TestInvoker.java:230)
at org.testng.internal.invokers.MethodRunner.runInSequence(MethodRunner.java:63)
at org.testng.internal.invokers.TestInvoker$MethodInvocationAgent.invoke(TestInvoker.java:992)
at org.testng.internal.invokers.TestInvoker.invokeTestMethods(TestInvoker.java:203)
at org.testng.internal.invokers.TestMethodWorker.invokeTestMethods(TestMethodWorker.java:154)
at org.testng.internal.invokers.TestMethodWorker.run(TestMethodWorker.java:134)
at java.base/java.util.ArrayList.forEach(ArrayList.java:1596)
at org.testng.TestRunner.privateRun(TestRunner.java:739)
at org.testng.TestRunner.run(TestRunner.java:614)
at org.testng.SuiteRunner.runTest(SuiteRunner.java:421)
at org.testng.SuiteRunner.runSequentially(SuiteRunner.java:413)
at org.testng.SuiteRunner.privateRun(SuiteRunner.java:373)
at org.testng.SuiteRunner.run(SuiteRunner.java:312)
at org.testng.SuiteRunnerWorker.runSuite(SuiteRunnerWorker.java:52)
at org.testng.SuiteRunnerWorker.run(SuiteRunnerWorker.java:95)
at org.testng.TestNG.runSuitesSequentially(TestNG.java:1274)
at org.testng.TestNG.runSuitesLocally(TestNG.java:1208)
at org.testng.TestNG.runSuites(TestNG.java:1112)
at org.testng.TestNG.run(TestNG.java:1079)
at org.testng.remote.AbstractRemoteTestNG.run(AbstractRemoteTestNG.java:115)
at org.testng.remote.RemoteTestNG.initAndRun(RemoteTestNG.java:293)
at org.testng.remote.RemoteTestNG.main(RemoteTestNG.java:91)
]]>
            </full-stacktrace>
          </exception> <!-- org.openqa.selenium.NoSuchElementException -->
          <reporter-output>
          </reporter-output>
        </test-method> <!-- verifyLoggingintotheApplicationusingDifferentValidcredentials -->
        <test-method is-config="true" signature="tearDown()[pri:0, instance:tests.LoginF@3b69e7d1]" started-at="2025-02-16T15:21:57 IST" name="tearDown" finished-at="2025-02-16T15:21:57 IST" duration-ms="409" status="PASS">
          <reporter-output>
          </reporter-output>
        </test-method> <!-- tearDown -->
      </class> <!-- tests.LoginF -->
      <class name="tests.RegisterF">
        <test-method is-config="true" signature="setUpMethod()[pri:0, instance:tests.RegisterF@235834f2]" started-at="2025-02-16T15:20:40 IST" name="setUpMethod" finished-at="2025-02-16T15:20:51 IST" duration-ms="10860" status="PASS">
          <reporter-output>
          </reporter-output>
        </test-method> <!-- setUpMethod -->
        <test-method signature="verifyRegisteringanAccountbyProvidingOnlytheMandatoryFields()[pri:1, instance:tests.RegisterF@235834f2]" started-at="2025-02-16T15:20:51 IST" name="verifyRegisteringanAccountbyProvidingOnlytheMandatoryFields" finished-at="2025-02-16T15:20:54 IST" duration-ms="3315" status="PASS">
          <reporter-output>
          </reporter-output>
        </test-method> <!-- verifyRegisteringanAccountbyProvidingOnlytheMandatoryFields -->
        <test-method is-config="true" signature="tearDown()[pri:0, instance:tests.RegisterF@235834f2]" started-at="2025-02-16T15:20:54 IST" name="tearDown" finished-at="2025-02-16T15:20:55 IST" duration-ms="498" status="PASS">
          <reporter-output>
          </reporter-output>
        </test-method> <!-- tearDown -->
        <test-method is-config="true" signature="setUpMethod()[pri:0, instance:tests.RegisterF@235834f2]" started-at="2025-02-16T15:20:55 IST" name="setUpMethod" finished-at="2025-02-16T15:21:01 IST" duration-ms="5814" status="PASS">
          <reporter-output>
          </reporter-output>
        </test-method> <!-- setUpMethod -->
        <test-method signature="verifyRegisteringanAccountbyProvidingalltheFields()[pri:2, instance:tests.RegisterF@235834f2]" started-at="2025-02-16T15:21:01 IST" name="verifyRegisteringanAccountbyProvidingalltheFields" finished-at="2025-02-16T15:21:04 IST" duration-ms="3627" status="PASS">
          <reporter-output>
          </reporter-output>
        </test-method> <!-- verifyRegisteringanAccountbyProvidingalltheFields -->
        <test-method is-config="true" signature="tearDown()[pri:0, instance:tests.RegisterF@235834f2]" started-at="2025-02-16T15:21:04 IST" name="tearDown" finished-at="2025-02-16T15:21:05 IST" duration-ms="421" status="PASS">
          <reporter-output>
          </reporter-output>
        </test-method> <!-- tearDown -->
      </class> <!-- tests.RegisterF -->
    </test> <!-- Test -->
  </suite> <!-- Suite -->
</testng-results>
